<?xml version="1.0" encoding="UTF-8"?>
<!-- Generated by org.testng.reporters.JUnitReportReporter -->
<testsuite skipped="0" hostname="DESKTOP-H8RTC1S" name="com.qa.Tests.fb" tests="1" failures="0" timestamp="2019-09-09T12:10:17 IST" time="4.458" errors="0">
  <testcase name="testcases" time="4.458" classname="com.qa.Tests.fb"/>
</testsuite> <!-- com.qa.Tests.fb -->
