<?xml version="1.0" encoding="UTF-8"?>
<!-- Generated by org.testng.reporters.JUnitReportReporter -->
<testsuite skipped="0" hostname="DESKTOP-H8RTC1S" name="TestCases.TravelHopeHotelPageTest" tests="1" failures="0" timestamp="2019-09-24T09:44:06 IST" time="41.265" errors="0">
  <testcase name="HotelsPage" time="41.265" classname="TestCases.TravelHopeHotelPageTest"/>
</testsuite> <!-- TestCases.TravelHopeHotelPageTest -->
