<?xml version="1.0" encoding="UTF-8"?>
<!-- Generated by org.testng.reporters.JUnitReportReporter -->
<testsuite skipped="0" hostname="DESKTOP-H8RTC1S" name="TestCases.ToursPageTest" tests="1" failures="0" timestamp="2019-09-23T23:03:28 IST" time="71.618" errors="0">
  <testcase name="ToursPage" time="71.618" classname="TestCases.ToursPageTest"/>
</testsuite> <!-- TestCases.ToursPageTest -->
