<?xml version="1.0" encoding="UTF-8"?>
<!-- Generated by org.testng.reporters.JUnitReportReporter -->
<testsuite skipped="0" hostname="DESKTOP-H8RTC1S" name="TestCases.LoginPageTest" tests="1" failures="0" timestamp="2019-09-20T13:04:21 IST" time="19.454" errors="0">
  <testcase name="loginTest" time="19.454" classname="TestCases.LoginPageTest"/>
</testsuite> <!-- TestCases.LoginPageTest -->
