<?xml version="1.0" encoding="UTF-8"?>
<!-- Generated by org.testng.reporters.JUnitReportReporter -->
<testsuite skipped="0" hostname="DESKTOP-H8RTC1S" name="class1" tests="2" failures="0" timestamp="2019-09-06T12:35:55 IST" time="49.947" errors="0">
  <testcase name="testcases" time="5.371" classname="class1"/>
  <testcase name="add_tours" time="44.576" classname="class1"/>
</testsuite> <!-- class1 -->
