<?xml version="1.0" encoding="UTF-8"?>
<!-- Generated by org.testng.reporters.JUnitReportReporter -->
<testsuite skipped="0" hostname="DESKTOP-H8RTC1S" name="Add_Admin" tests="1" failures="0" timestamp="2019-09-08T10:45:36 IST" time="13.192" errors="0">
  <testcase name="testcases" time="13.192" classname="Add_Admin"/>
</testsuite> <!-- Add_Admin -->
