<?xml version="1.0" encoding="UTF-8"?>
<!-- Generated by org.testng.reporters.JUnitReportReporter -->
<testsuite skipped="0" hostname="DESKTOP-H8RTC1S" name="add_tour" tests="2" failures="0" timestamp="2019-09-06T12:51:05 IST" time="45.031" errors="0">
  <testcase name="testcases" time="5.289" classname="add_tour"/>
  <testcase name="add_tours" time="39.742" classname="add_tour"/>
</testsuite> <!-- add_tour -->
