<?xml version="1.0" encoding="UTF-8"?>
<!-- Generated by org.testng.reporters.JUnitReportReporter -->
<testsuite skipped="0" hostname="DESKTOP-H8RTC1S" name="travelhope_hotels" tests="3" failures="0" timestamp="2019-09-07T22:45:32 IST" time="40.133" errors="0">
  <testcase name="testcases" time="5.240" classname="travelhope_hotels"/>
  <testcase name="hotel_view" time="15.659" classname="travelhope_hotels"/>
  <testcase name="remove" time="19.234" classname="travelhope_hotels"/>
</testsuite> <!-- travelhope_hotels -->
