<?xml version="1.0" encoding="UTF-8"?>
<!-- Generated by org.testng.reporters.JUnitReportReporter -->
<testsuite skipped="0" hostname="DESKTOP-H8RTC1S" name="flight_booking_remove_admin" tests="2" failures="0" timestamp="2019-09-07T23:52:40 IST" time="7.560" errors="0">
  <testcase name="testcases" time="5.628" classname="flight_booking_remove_admin"/>
  <testcase name="view_flight_booking" time="1.932" classname="flight_booking_remove_admin"/>
</testsuite> <!-- flight_booking_remove_admin -->
