<?xml version="1.0" encoding="UTF-8"?>
<!-- Generated by org.testng.reporters.JUnitReportReporter -->
<testsuite skipped="0" hostname="DESKTOP-H8RTC1S" name="search_tour" tests="2" failures="0" timestamp="2019-09-06T12:28:04 IST" time="14.658" errors="0">
  <testcase name="testcases" time="5.365" classname="search_tour"/>
  <testcase name="search" time="9.293" classname="search_tour"/>
</testsuite> <!-- search_tour -->
