<?xml version="1.0" encoding="UTF-8"?>
<!-- Generated by org.testng.reporters.JUnitReportReporter -->
<testsuite skipped="0" hostname="DESKTOP-H8RTC1S" name="edit_tour" tests="2" failures="0" timestamp="2019-09-06T12:27:27 IST" time="17.513" errors="0">
  <testcase name="testcases" time="5.291" classname="edit_tour"/>
  <testcase name="add_tours" time="12.222" classname="edit_tour"/>
</testsuite> <!-- edit_tour -->
