<?xml version="1.0" encoding="UTF-8"?>
<!-- Generated by org.testng.reporters.JUnitReportReporter -->
<testsuite skipped="0" hostname="DESKTOP-H8RTC1S" name="travelhope_flights" tests="3" failures="0" timestamp="2019-09-10T16:02:15 IST" time="30.934" errors="0">
  <testcase name="testcases" time="5.454" classname="travelhope_flights"/>
  <testcase name="view_flight_booking" time="7.410" classname="travelhope_flights"/>
  <testcase name="remove_flight_booking" time="18.070" classname="travelhope_flights"/>
</testsuite> <!-- travelhope_flights -->
