<?xml version="1.0" encoding="UTF-8"?>
<!-- Generated by org.testng.reporters.JUnitReportReporter -->
<testsuite skipped="0" hostname="DESKTOP-H8RTC1S" name="search_car_user" tests="1" failures="0" timestamp="2019-09-10T22:33:32 IST" time="23.283" errors="0">
  <testcase name="search_car" time="23.283" classname="search_car_user"/>
</testsuite> <!-- search_car_user -->
