<?xml version="1.0" encoding="UTF-8"?>
<!-- Generated by org.testng.reporters.JUnitReportReporter -->
<testsuite skipped="0" hostname="DESKTOP-H8RTC1S" name="hotel_booking_remove_admin" tests="2" failures="0" timestamp="2019-09-07T22:37:35 IST" time="9.544" errors="0">
  <testcase name="testcases" time="5.290" classname="hotel_booking_remove_admin"/>
  <testcase name="hotel_view" time="4.254" classname="hotel_booking_remove_admin"/>
</testsuite> <!-- hotel_booking_remove_admin -->
