<?xml version="1.0" encoding="UTF-8"?>
<!-- Generated by org.testng.reporters.JUnitReportReporter -->
<testsuite skipped="0" hostname="DESKTOP-H8RTC1S" name="search_hotel_user" tests="1" failures="0" timestamp="2019-09-10T22:07:56 IST" time="21.692" errors="0">
  <testcase name="search_hotel" time="21.692" classname="search_hotel_user"/>
</testsuite> <!-- search_hotel_user -->
