<?xml version="1.0" encoding="UTF-8"?>
<!-- Generated by org.testng.reporters.JUnitReportReporter -->
<testsuite skipped="0" hostname="DESKTOP-H8RTC1S" name="Book_Tour" tests="1" failures="0" timestamp="2019-09-09T11:34:57 IST" time="19.348" errors="0">
  <testcase name="book_tour" time="19.348" classname="Book_Tour"/>
</testsuite> <!-- Book_Tour -->
