<?xml version="1.0" encoding="UTF-8"?>
<!-- Generated by org.testng.reporters.JUnitReportReporter -->
<testsuite skipped="0" hostname="DESKTOP-H8RTC1S" name="edit_car_admin" tests="1" failures="0" timestamp="2019-09-07T21:44:27 IST" time="45.734" errors="0">
  <testcase name="testcases" time="45.734" classname="edit_car_admin"/>
</testsuite> <!-- edit_car_admin -->
