<?xml version="1.0" encoding="UTF-8"?>
<!-- Generated by org.testng.reporters.JUnitReportReporter -->
<testsuite skipped="0" hostname="DESKTOP-H8RTC1S" name="TMS_ADMIN" tests="13" failures="0" timestamp="2019-09-10T19:26:14 IST" time="188.586" errors="0">
  <testcase name="login" time="1.338" classname="TMS_ADMIN"/>
  <testcase name="add_admin" time="18.533" classname="TMS_ADMIN"/>
  <testcase name="hotel_view" time="4.716" classname="TMS_ADMIN"/>
  <testcase name="remove" time="20.201" classname="TMS_ADMIN"/>
  <testcase name="view_flight_booking" time="21.467" classname="TMS_ADMIN"/>
  <testcase name="remove_flight_booking" time="18.986" classname="TMS_ADMIN"/>
  <testcase name="add_tours" time="44.045" classname="TMS_ADMIN"/>
  <testcase name="edit_tours" time="10.445" classname="TMS_ADMIN"/>
  <testcase name="delete_tours" time="5.894" classname="TMS_ADMIN"/>
  <testcase name="search" time="6.682" classname="TMS_ADMIN"/>
  <testcase name="edit_car" time="13.654" classname="TMS_ADMIN"/>
  <testcase name="delete_car" time="12.230" classname="TMS_ADMIN"/>
  <testcase name="search_Car" time="10.395" classname="TMS_ADMIN"/>
</testsuite> <!-- TMS_ADMIN -->
