<?xml version="1.0" encoding="UTF-8"?>
<!-- Generated by org.testng.reporters.JUnitReportReporter -->
<testsuite skipped="0" hostname="DESKTOP-H8RTC1S" name="flight_booking_view_admin" tests="2" failures="0" timestamp="2019-09-07T23:50:37 IST" time="8.473" errors="0">
  <testcase name="testcases" time="5.561" classname="flight_booking_view_admin"/>
  <testcase name="view_flight_booking" time="2.912" classname="flight_booking_view_admin"/>
</testsuite> <!-- flight_booking_view_admin -->
