<?xml version="1.0" encoding="UTF-8"?>
<!-- Generated by org.testng.reporters.JUnitReportReporter -->
<testsuite skipped="0" hostname="DESKTOP-H8RTC1S" name="search_car_admin" tests="1" failures="0" timestamp="2019-09-07T21:48:11 IST" time="14.111" errors="0">
  <testcase name="testcases" time="14.111" classname="search_car_admin"/>
</testsuite> <!-- search_car_admin -->
