<?xml version="1.0" encoding="UTF-8"?>
<!-- Generated by org.testng.reporters.JUnitReportReporter -->
<testsuite skipped="0" hostname="DESKTOP-H8RTC1S" name="user_search_tour" tests="1" failures="0" timestamp="2019-09-06T21:10:51 IST" time="28.184" errors="0">
  <testcase name="search_tour" time="28.184" classname="user_search_tour"/>
</testsuite> <!-- user_search_tour -->
