<?xml version="1.0" encoding="UTF-8"?>
<!-- Generated by org.testng.reporters.JUnitReportReporter -->
<testsuite skipped="0" hostname="DESKTOP-H8RTC1S" name="delete_car_admin" tests="1" failures="0" timestamp="2019-09-07T21:53:21 IST" time="10.440" errors="0">
  <testcase name="testcases" time="10.440" classname="delete_car_admin"/>
</testsuite> <!-- delete_car_admin -->
