<?xml version="1.0" encoding="UTF-8"?>
<!-- Generated by org.testng.reporters.JUnitReportReporter -->
<testsuite skipped="0" hostname="DESKTOP-H8RTC1S" name="admin_car" tests="5" failures="0" timestamp="2019-09-07T22:21:44 IST" time="50.332" errors="0">
  <testcase name="login" time="5.337" classname="admin_car"/>
  <testcase name="add_car" time="20.378" classname="admin_car"/>
  <testcase name="edit_car" time="11.155" classname="admin_car"/>
  <testcase name="delete_car" time="8.273" classname="admin_car"/>
  <testcase name="search_car1" time="5.189" classname="admin_car"/>
</testsuite> <!-- admin_car -->
