<?xml version="1.0" encoding="UTF-8"?>
<!-- Generated by org.testng.reporters.JUnitReportReporter -->
<testsuite skipped="0" hostname="DESKTOP-H8RTC1S" name="delete_tours" tests="2" failures="0" timestamp="2019-09-06T12:25:10 IST" time="9.525" errors="0">
  <testcase name="testcases" time="5.316" classname="delete_tours"/>
  <testcase name="add_tours" time="4.209" classname="delete_tours"/>
</testsuite> <!-- delete_tours -->
