<?xml version="1.0" encoding="UTF-8"?>
<!-- Generated by org.testng.reporters.JUnitReportReporter -->
<testsuite skipped="0" hostname="DESKTOP-H8RTC1S" name="hotel_booking_view_admin" tests="2" failures="0" timestamp="2019-09-07T22:41:15 IST" time="24.659" errors="0">
  <testcase name="testcases" time="5.243" classname="hotel_booking_view_admin"/>
  <testcase name="hotel_view" time="19.416" classname="hotel_booking_view_admin"/>
</testsuite> <!-- hotel_booking_view_admin -->
