<?xml version="1.0" encoding="UTF-8"?>
<!-- Generated by org.testng.reporters.JUnitReportReporter -->
<testsuite skipped="0" hostname="DESKTOP-H8RTC1S" name="demoproject.gmail" tests="1" failures="0" timestamp="2019-08-29T01:58:57 PDT" time="9.628" errors="0">
  <testcase name="testcases" time="9.628" classname="demoproject.gmail"/>
</testsuite> <!-- demoproject.gmail -->
